<?xml version="1.0" encoding="UTF-8"?>
<!-- Generated by org.testng.reporters.JUnitReportReporter -->
<testsuite hostname="Note-ProBook" failures="0" tests="1" name="TestPaso.TestP_incorrecto" time="0.263" errors="0" timestamp="24 ago. 2021 03:32:44 GMT" skipped="0">
  <testcase classname="TestPaso.TestP_incorrecto" name="login" time="0.263"/>
</testsuite> <!-- TestPaso.TestP_incorrecto -->
