<?xml version="1.0" encoding="UTF-8"?>
<!-- Generated by org.testng.reporters.JUnitReportReporter -->
<testsuite hostname="Note-ProBook" failures="0" tests="1" name="TestPaso.TestP_correcto" time="0.522" errors="0" timestamp="06 sep. 2021 21:29:27 GMT" skipped="0">
  <testcase classname="TestPaso.TestP_correcto" name="login" time="0.522"/>
</testsuite> <!-- TestPaso.TestP_correcto -->
